[2015.10.15-07.08.06:249][  0]Log file open, 10/15/15 00:08:06
[2015.10.15-07.08.06:249][  0]LogInit:Display: Running engine for game: MovingBallProject
[2015.10.15-07.08.06:249][  0]LogInit:Display: RandInit(-720388048) SRandInit(-720388047).
[2015.10.15-07.08.06:249][  0]LogTaskGraph: Started task graph with 4 named threads and 5 total threads.
[2015.10.15-07.08.06:249][  0]LogStats: Stats thread started at 0.119530
[2015.10.15-07.08.06:249][  0]LogInit: Version: 4.9.2-2707645+++depot+UE4-Releases+4.9
[2015.10.15-07.08.06:249][  0]LogInit: API Version: 2672455
[2015.10.15-07.08.06:249][  0]LogInit: Compiled (64-bit): Sep 28 2015 10:25:44
[2015.10.15-07.08.06:249][  0]LogInit: Compiled with Visual C++: 18.00.21005.01
[2015.10.15-07.08.06:249][  0]LogInit: Build Configuration: Development
[2015.10.15-07.08.06:249][  0]LogInit: Branch Name: ++depot+UE4-Releases+4.9
[2015.10.15-07.08.06:249][  0]LogInit: Command line:  
[2015.10.15-07.08.06:249][  0]LogInit: Base directory: C:/Program Files/Epic Games/4.9/Engine/Binaries/Win64/
[2015.10.15-07.08.06:249][  0]LogInit: Rocket: 1
[2015.10.15-07.08.06:280][  0]LogInit: Using libcurl 7.41.0
[2015.10.15-07.08.06:280][  0]LogInit:  - built for x86_64-pc-win32
[2015.10.15-07.08.06:280][  0]LogInit:  - supports SSL with WinSSL
[2015.10.15-07.08.06:280][  0]LogInit:  - other features:
[2015.10.15-07.08.06:280][  0]LogInit:      CURL_VERSION_SSL
[2015.10.15-07.08.06:280][  0]LogInit:      CURL_VERSION_IPV6
[2015.10.15-07.08.06:280][  0]LogInit:      CURL_VERSION_ASYNCHDNS
[2015.10.15-07.08.06:280][  0]LogInit:      CURL_VERSION_LARGEFILE
[2015.10.15-07.08.06:280][  0]LogInit:      CURL_VERSION_IDN
[2015.10.15-07.08.06:280][  0]LogInit:  CurlRequestOptions (configurable via config and command line):
[2015.10.15-07.08.06:280][  0]LogInit:  - bVerifyPeer = true  - Libcurl will verify peer certificate
[2015.10.15-07.08.06:280][  0]LogInit:  - bUseHttpProxy = false  - Libcurl will NOT use HTTP proxy
[2015.10.15-07.08.06:280][  0]LogInit:  - bDontReuseConnections = false  - Libcurl will reuse connections
[2015.10.15-07.08.06:280][  0]LogInit:  - CertBundlePath = nullptr  - Libcurl will use whatever was configured at build time.
[2015.10.15-07.08.06:296][  0]LogInit: Presizing for 0 objects not considered by GC, pre-allocating 0 bytes.
[2015.10.15-07.08.06:311][  0]LogInit: Object subsystem initialized
[2015.10.15-07.08.06:327][  0]LogInit: Selected Device Profile: [Windows]
[2015.10.15-07.08.06:327][  0]LogInit: Applying CVar settings loaded from the selected device profile: [Windows]
[2015.10.15-07.08.06:368][  0]LogInit: Computer: CHUCK
[2015.10.15-07.08.06:368][  0]LogInit: User: ChuckLee
[2015.10.15-07.08.06:368][  0]LogInit: CPU Page size=4096, Cores=2
[2015.10.15-07.08.06:368][  0]LogInit: High frequency timer resolution =2.435884 MHz
[2015.10.15-07.08.06:368][  0]LogMemory: Memory total: Physical=7.7GB (8GB approx)
[2015.10.15-07.08.06:368][  0]LogMemory: Platform Memory Stats for Windows
[2015.10.15-07.08.06:368][  0]LogMemory: Process Physical Memory: 52.02 MB used, 52.02 MB peak
[2015.10.15-07.08.06:368][  0]LogMemory: Process Virtual Memory: 54.99 MB used, 54.99 MB peak
[2015.10.15-07.08.06:368][  0]LogMemory: Physical Memory: 6576.87 MB used, 7893.53 MB total
[2015.10.15-07.08.06:368][  0]LogMemory: Virtual Memory: 345.35 MB used, 134217728.00 MB total
[2015.10.15-07.08.06:599][  0]LogTextLocalizationManager: No specific translations for ('en-CA') exist, so ('en') translations will be used.
[2015.10.15-07.08.08:751][  0]LogD3D11RHI: Found D3D11 adapter 0: Intel(R) HD Graphics 4000 (Feature Level 11_0)
[2015.10.15-07.08.08:751][  0]LogD3D11RHI: Adapter has 32MB of dedicated video memory, 0MB of dedicated system memory, and 1760MB of shared system memory, 1 output[s]
[2015.10.15-07.08.08:753][  0]LogD3D11RHI: Found D3D11 adapter 1: Microsoft Basic Render Driver (Feature Level 11_0)
[2015.10.15-07.08.08:753][  0]LogD3D11RHI: Adapter has 0MB of dedicated video memory, 0MB of dedicated system memory, and 256MB of shared system memory, 0 output[s]
[2015.10.15-07.08.08:754][  0]LogD3D11RHI: Chosen D3D11 Adapter Id = 0
[2015.10.15-07.08.08:761][  0]LogD3D11RHI: !Direct3DDevice
[2015.10.15-07.08.08:761][  0]LogRHI: Texture pool is 638 MB (70% of 912 MB)
[2015.10.15-07.08.08:768][  0]LogD3D11RHI: Async texture creation enabled
[2015.10.15-07.08.08:781][  0]LogShaderCompilers: Guid format shader working directory is 15 characters bigger than the processId version (../../../../../../Users/Chuck Lee/Desktop/repo/oculus-rift-sandbox/MovingBallProject/Intermediate/Shaders/WorkingDirectory/5020/).
[2015.10.15-07.08.08:781][  0]LogShaderCompilers: Cleaned the shader compiler working directory '../../../../../../Users/Chuck Lee/Desktop/repo/oculus-rift-sandbox/MovingBallProject/Intermediate/Shaders/tmp/A7140B2B48B33132CAC187A61F0EF70D/'.
[2015.10.15-07.08.08:781][  0]LogShaderCompilers:Display: Using Local Shader Compiler.
[2015.10.15-07.08.13:137][  0]LogTemp:Display: Loaded TP AllDesktopTargetPlatform
[2015.10.15-07.08.13:155][  0]LogTemp:Display: Loaded TP WindowsClientTargetPlatform
[2015.10.15-07.08.13:171][  0]LogTemp:Display: Loaded TP WindowsNoEditorTargetPlatform
[2015.10.15-07.08.13:186][  0]LogTemp:Display: Loaded TP WindowsServerTargetPlatform
[2015.10.15-07.08.13:199][  0]LogTemp:Display: Loaded TP WindowsTargetPlatform
[2015.10.15-07.08.13:214][  0]LogTemp:Display: Loaded TP AndroidTargetPlatform
[2015.10.15-07.08.13:223][  0]LogTemp:Display: Loaded TP Android_ASTCTargetPlatform
[2015.10.15-07.08.13:232][  0]LogTemp:Display: Loaded TP Android_ATCTargetPlatform
[2015.10.15-07.08.13:242][  0]LogTemp:Display: Loaded TP Android_DXTTargetPlatform
[2015.10.15-07.08.13:251][  0]LogTemp:Display: Loaded TP Android_ETC1TargetPlatform
[2015.10.15-07.08.13:260][  0]LogTemp:Display: Loaded TP Android_ETC2TargetPlatform
[2015.10.15-07.08.13:269][  0]LogTemp:Display: Loaded TP Android_PVRTCTargetPlatform
[2015.10.15-07.08.13:271][  0]LogTemp:Display: Loaded TP HTML5TargetPlatform
[2015.10.15-07.08.13:300][  0]LogTemp:Display: Loaded TP IOSTargetPlatform
[2015.10.15-07.08.13:309][  0]LogTemp:Display: Loaded TP LinuxNoEditorTargetPlatform
[2015.10.15-07.08.13:319][  0]LogTemp:Display: Loaded TP LinuxServerTargetPlatform
[2015.10.15-07.08.13:334][  0]LogTemp:Display: Loaded TP LinuxTargetPlatform
[2015.10.15-07.08.13:334][  0]LogTargetPlatformManager:Display: Building Assets For Windows
[2015.10.15-07.08.13:606][  0]LogDerivedDataCache:Display: Max Cache Size: 512 MB
[2015.10.15-07.08.14:313][  0]LogDerivedDataCache: Loaded boot cache 0.71s 41MB C:/Users/Chuck Lee/AppData/Local/UnrealEngine/4.9/DerivedDataCache/Boot.ddc.
[2015.10.15-07.08.14:313][  0]LogDerivedDataCache:Display: Loaded Boot cache: C:/Users/Chuck Lee/AppData/Local/UnrealEngine/4.9/DerivedDataCache/Boot.ddc
[2015.10.15-07.08.14:314][  0]LogDerivedDataCache: FDerivedDataBackendGraph:  Pak pak cache file ../../../../../../Users/Chuck Lee/Desktop/repo/oculus-rift-sandbox/MovingBallProject/DerivedDataCache/DDC.ddp not found, will not use a pak cache.
[2015.10.15-07.08.14:314][  0]LogDerivedDataCache: Unable to find inner node Pak for hierarchical cache Hierarchy.
[2015.10.15-07.08.14:314][  0]LogDerivedDataCache: FDerivedDataBackendGraph:  CompressedPak pak cache file ../../../../../../Users/Chuck Lee/Desktop/repo/oculus-rift-sandbox/MovingBallProject/DerivedDataCache/Compressed.ddp not found, will not use a pak cache.
[2015.10.15-07.08.14:314][  0]LogDerivedDataCache: Unable to find inner node CompressedPak for hierarchical cache Hierarchy.
[2015.10.15-07.08.14:751][  0]LogDerivedDataCache:Display: Pak cache opened for reading ../../../Engine/DerivedDataCache/Compressed.ddp.
[2015.10.15-07.08.14:766][  0]LogDerivedDataCache: Using Local data cache path C:/Users/Chuck Lee/AppData/Local/UnrealEngine/Common/DerivedDataCache: Writable
[2015.10.15-07.08.21:329][  0]LogInit: Selected Device Profile: [Windows]
[2015.10.15-07.08.21:349][  0]LogContentStreaming: Texture pool size is 0.000000MB
[2015.10.15-07.08.21:706][  0]LogMeshUtilities: No automatic mesh reduction module available
[2015.10.15-07.08.21:706][  0]LogMeshUtilities: No automatic mesh merging module available
[2015.10.15-07.08.22:834][  0]LogInit: WinSock: version 1.1 (2.2), MaxSocks=32767, MaxUdp=65467
[2015.10.15-07.08.59:935][  0]UdpMessaging: Initializing bridge on interface 0.0.0.0:0 to multicast group 230.0.0.1:6666.
[2015.10.15-07.09.00:902][  0]LogAssetRegistry: FAssetRegistry took 0.0118 seconds to start up
[2015.10.15-07.09.01:590][  0]SourceControl: Info Source control is disabled
[2015.10.15-07.09.01:615][  0]SourceControl: Info Source control is disabled
[2015.10.15-07.09.01:773][  0]SourceControl: Info Source control is disabled
[2015.10.15-07.09.01:802][  0]SourceControl: Info Source control is disabled
[2015.10.15-07.09.02:999][  0]LogLinker:Warning: Asset '../../../Engine/Plugins/Runtime/LeapMotionController/Content/LM_PassthroughMaterial.uasset' has been saved with empty engine version. The asset will be loaded but may be incompatible.
[2015.10.15-07.09.03:361][  0]LogObj: 28361 objects as part of root set at end of initial load.
[2015.10.15-07.09.03:361][  0]LogUObjectAllocator: 6038872 out of 0 bytes used by permanent object pool.
[2015.10.15-07.09.03:539][  0]LogEngine: Initializing Engine...
[2015.10.15-07.09.03:542][  0]OCULUS: Info: 10/15/15 07:09:03: [CAPI] LibOVR module is located at C:\WINDOWS\SYSTEM32\LibOVRRT64_0_7.dll

[2015.10.15-07.09.04:143][  0]OCULUS: Error: 10/15/15 07:09:04: [CAPI] ovr_Create failed to complete within the timeout period.
[2015.10.15-07.09.04:308][  0]LogHMD: SteamVR failed to initialize.  Err: 110
[2015.10.15-07.09.04:705][  0]LogAIModule: Creating AISystem for world NewWorld
[2015.10.15-07.09.04:743][  0]LogInit: XAudio2 using 'Speakers (Realtek High Definition Audio)' : 2 channels at 48 kHz using 32 bits per sample (channel mask 0x3)
[2015.10.15-07.09.04:816][  0]LogInit: FAudioDevice initialized.
[2015.10.15-07.09.04:863][  0]LogDerivedDataCache: Saved boot cache 0.05s 41MB C:/Users/Chuck Lee/AppData/Local/UnrealEngine/4.9/DerivedDataCache/Boot.ddc.
[2015.10.15-07.09.04:873][  0]LogInit: Texture streaming: Enabled
[2015.10.15-07.09.04:888][  0]LogAnalytics: Creating configured Analytics provider AnalyticsET
[2015.10.15-07.09.04:888][  0]LogAnalytics: [UEEditor.Rocket.Release] APIServer = http://et2.epicgames.com/ET2/. AppVersion = 4.9.2-2707645+++depot+UE4-Releases+4.9
[2015.10.15-07.09.04:888][  0]LogAnalytics: [UEEditor.Rocket.Release] SetUserId 8b62b95a419d1f334c3de2bad2f7b1b3|fb474898b3c84d39a09cec29376ae1a3|f685d9d8-414d-4862-a38e-e45a9deb74b6
[2015.10.15-07.09.04:888][  0]LogAnalytics: [UEEditor.Rocket.Release] AnalyticsET::StartSession
[2015.10.15-07.09.04:930][  0]LogWindowsTextInputMethodSystem:Display: IME system now deactivated.
[2015.10.15-07.09.05:037][  0]LogInit: Transaction tracking system initialized
[2015.10.15-07.09.05:269][  0]BlueprintLog: New page: Editor Load
[2015.10.15-07.09.11:331][  0]LocalizationService: Info Localization service is disabled
[2015.10.15-07.09.14:336][  0]LogConsoleResponse:Display: 
[2015.10.15-07.09.17:994][  0]LogFileCache: Scanning file cache for directory 'C:/Users/Chuck Lee/Desktop/repo/oculus-rift-sandbox/MovingBallProject/Content/' took 0.05s
[2015.10.15-07.09.17:994][  0]LogCook:Display: Done creating registry. It took  0.00s.
[2015.10.15-07.09.21:140][  0]SourceControl: Info Source control is disabled
[2015.10.15-07.09.21:169][  0]Cmd: MAP LOAD FILE="../../../../../../Users/Chuck Lee/Desktop/repo/oculus-rift-sandbox/MovingBallProject/Content/VRLand.umap" TEMPLATE=0 SHOWPROGRESS=1 FEATURELEVEL=3
[2015.10.15-07.09.21:187][  0]LightingResults: New page: Lighting Build
[2015.10.15-07.09.21:312][  0]MapCheck: New page: Map Check
[2015.10.15-07.09.21:312][  0]LightingResults: New page: Lighting Build
[2015.10.15-07.09.21:357][  0]LogParticles: Destroying 0 GPU particle simulations for FXSystem 0x0000005A5858E160
[2015.10.15-07.09.21:637][  0]LogAIModule: Creating AISystem for world VRLand
[2015.10.15-07.09.21:639][  0]LogEditorServer: Finished looking for orphan Actors (0.000 secs)
[2015.10.15-07.09.21:641][  0]Cmd: MAP CHECKDEP NOCLEARLOG
[2015.10.15-07.09.21:753][  0]MapCheck: Info Map check complete: 0 Error(s), 0 Warning(s), took 111.968ms to complete.
[2015.10.15-07.09.21:753][  0]LogFileHelpers: Loading map 'VRLand' took 0.585
[2015.10.15-07.09.23:105][  0]LogCollectionManager: Loaded 0 collections in 0.006916 seconds
[2015.10.15-07.09.23:235][  0]LogFileCache: Scanning file cache for directory 'C:/Users/Chuck Lee/Desktop/repo/oculus-rift-sandbox/MovingBallProject/Saved/Collections/' took 0.01s
[2015.10.15-07.09.23:235][  0]LogFileCache: Scanning file cache for directory 'C:/Users/Chuck Lee/Desktop/repo/oculus-rift-sandbox/MovingBallProject/Content/Developers/ChuckLee/Collections/' took 0.01s
[2015.10.15-07.09.23:235][  0]LogFileCache: Scanning file cache for directory 'C:/Users/Chuck Lee/Desktop/repo/oculus-rift-sandbox/MovingBallProject/Content/Collections/' took 0.01s
[2015.10.15-07.09.23:235][  0]LogContentBrowser: Native class hierarchy populated in 0.0910 seconds. Added 1867 classes and 333 folders.
[2015.10.15-07.09.23:275][  0]LogCollectionManager: Rebuilt the GUID cache for 0 collections in 0.000007 seconds
[2015.10.15-07.09.23:455][  0]LogContentBrowser: Native class hierarchy updated for 'WidgetCarousel' in 0.0008 seconds. Added 0 classes and 0 folders.
[2015.10.15-07.09.34:897][  0]LogContentBrowser: Native class hierarchy updated for 'AddContentDialog' in 0.0013 seconds. Added 0 classes and 0 folders.
[2015.10.15-07.09.35:260][  0]LogContentBrowser: Native class hierarchy updated for 'SceneOutliner' in 0.0015 seconds. Added 1 classes and 2 folders.
[2015.10.15-07.09.37:326][  0]LogCrashTracker: Crashtracker disabled due to settings.
[2015.10.15-07.09.37:584][  0]LogUObjectGlobals:Warning: Failed to find object 'Class None.'
[2015.10.15-07.09.37:716][  0]LogLoad: Full Startup: 93.26 seconds (BP compile: 0.19 seconds)
[2015.10.15-07.09.38:794][  0]LogContentStreaming: Texture pool size now 1000 MB
[2015.10.15-07.09.40:907][  0]LogRenderer: Reallocating scene render targets to support 856x360 (Frame:2).
[2015.10.15-07.09.43:190][  4]LogAssetRegistry: Asset discovery search completed in 42.2998 seconds
[2015.10.15-07.09.43:190][  4]LogCollectionManager: Rebuilt the object cache for 0 collections in 0.000004 seconds (found 0 objects)
[2015.10.15-07.09.43:191][  4]LogCollectionManager: Fixed up redirectors for 0 collections in 0.000280 seconds (updated 0 objects)
[2015.10.15-07.09.59:109][310]LogPlayLevel: PlayLevel: No blueprints needed recompiling
[2015.10.15-07.09.59:310][310]PIE: New page: PIE session: VRLand (Oct 14, 2015, 5:09:59 PM)
[2015.10.15-07.09.59:370][310]LogPlayLevel: Creating play world package: /Game/UEDPIE_0_VRLand
[2015.10.15-07.09.59:377][310]LogPlayLevel: PIE: StaticDuplicateObject took: (0.006640s)
[2015.10.15-07.09.59:379][310]LogAIModule: Creating AISystem for world VRLand
[2015.10.15-07.09.59:379][310]LogPlayLevel: PIE: World Init took: (0.002387s)
[2015.10.15-07.09.59:380][310]LogPlayLevel: PIE: Created PIE world by copying editor world from /Game/VRLand.VRLand to /Game/UEDPIE_0_VRLand.VRLand (0.009798s)
[2015.10.15-07.09.59:503][310]LogInit: XAudio2 using 'Speakers (Realtek High Definition Audio)' : 2 channels at 48 kHz using 32 bits per sample (channel mask 0x3)
[2015.10.15-07.09.59:535][310]LogInit: FAudioDevice initialized.
[2015.10.15-07.09.59:771][310]LogWorld: Game class is 'GameMode'
[2015.10.15-07.09.59:951][310]LogWorld: Bringing World /Game/UEDPIE_0_VRLand.VRLand up for play (max tick rate 60) at 2015.10.15-00.09.59
[2015.10.15-07.09.59:951][310]LogActor:Warning: GameSession /Game/UEDPIE_0_VRLand.VRLand:PersistentLevel.GameSession_0 has natively added scene component(s), but none of them were set as the actor's RootComponent - picking one arbitrarily
[2015.10.15-07.09.59:952][310]LogActor:Warning: GameNetworkManager /Game/UEDPIE_0_VRLand.VRLand:PersistentLevel.GameNetworkManager_0 has natively added scene component(s), but none of them were set as the actor's RootComponent - picking one arbitrarily
[2015.10.15-07.09.59:981][310]LogWorld: Bringing up level for play took: 0.031095
[2015.10.15-07.10.00:607][310]PIE: Info Play in editor start time for /Game/UEDPIE_0_VRLand 1.154
[2015.10.15-07.10.04:698][408]LogParticles: Destroying 0 GPU particle simulations for FXSystem 0x0000005A62200EA0
[2015.10.15-07.10.09:767][506]LogWindowsTextInputMethodSystem:Display: IME system now deactivated.
[2015.10.15-07.10.10:625][507]Cmd: QUIT_EDITOR
[2015.10.15-07.10.11:936][507]LogExit: Preparing to exit.
[2015.10.15-07.10.13:445][507]LogExit: Editor shut down
[2015.10.15-07.10.13:446][507]LogExit: Transaction tracking system shut down
[2015.10.15-07.10.13:587][507]LogParticles: Destroying 0 GPU particle simulations for FXSystem 0x0000005A5862CEA0
[2015.10.15-07.10.13:588][507]LogParticles: Destroying 0 GPU particle simulations for FXSystem 0x0000005A47E3E5C0
[2015.10.15-07.10.15:805][507]LogExit: Object subsystem successfully closed.
[2015.10.15-07.10.16:590][507]LogD3D11RHI: Shutdown
[2015.10.15-07.10.16:590][507]LogD3D11RHI: CleanupD3DDevice
[2015.10.15-07.10.16:827][507]LogD3D11RHI: ~FD3D11DynamicRHI
[2015.10.15-07.10.17:599][507]LogModuleManager: Shutting down and abandoning module CrashTracker (197)
[2015.10.15-07.10.17:599][507]LogModuleManager: Shutting down and abandoning module SceneOutliner (196)
[2015.10.15-07.10.17:599][507]LogModuleManager: Shutting down and abandoning module SuperSearch (195)
[2015.10.15-07.10.17:600][507]LogModuleManager: Shutting down and abandoning module WidgetCarousel (194)
[2015.10.15-07.10.17:600][507]LogModuleManager: Shutting down and abandoning module AddContentDialog (193)
[2015.10.15-07.10.17:732][507]LogModuleManager: Shutting down and abandoning module EditorWidgets (192)
[2015.10.15-07.10.17:732][507]LogModuleManager: Shutting down and abandoning module CollectionManager (191)
[2015.10.15-07.10.17:732][507]LogModuleManager: Shutting down and abandoning module StatsViewer (190)
[2015.10.15-07.10.18:008][507]LogModuleManager: Shutting down and abandoning module FoliageEdit (189)
[2015.10.15-07.10.18:008][507]LogModuleManager: Shutting down and abandoning module LandscapeEditor (188)
[2015.10.15-07.10.18:009][507]LogModuleManager: Shutting down and abandoning module ActorPickerMode (187)
[2015.10.15-07.10.18:009][507]LogModuleManager: Shutting down and abandoning module GeometryMode (186)
[2015.10.15-07.10.18:009][507]LogModuleManager: Shutting down and abandoning module TextureAlignMode (185)
[2015.10.15-07.10.18:009][507]LogModuleManager: Shutting down and abandoning module BspMode (184)
[2015.10.15-07.10.18:009][507]LogModuleManager: Shutting down and abandoning module PlacementMode (183)
[2015.10.15-07.10.18:009][507]LogModuleManager: Shutting down and abandoning module AutomationWorker (182)
[2015.10.15-07.10.18:009][507]LogModuleManager: Shutting down and abandoning module CharacterAI (181)
[2015.10.15-07.10.18:009][507]LogModuleManager: Shutting down and abandoning module SmartSnapping (180)
[2015.10.15-07.10.18:009][507]LogModuleManager: Shutting down and abandoning module ViewportSnapping (179)
[2015.10.15-07.10.18:009][507]LogModuleManager: Shutting down and abandoning module LogVisualizer (178)
[2015.10.15-07.10.18:009][507]LogModuleManager: Shutting down and abandoning module GameProjectGeneration (177)
[2015.10.15-07.10.18:070][507]LogModuleManager: Shutting down and abandoning module IntroTutorials (176)
[2015.10.15-07.10.18:097][507]LogModuleManager: Shutting down and abandoning module EditorLiveStreaming (175)
[2015.10.15-07.10.18:097][507]LogModuleManager: Shutting down and abandoning module IOSPlatformEditor (174)
[2015.10.15-07.10.18:097][507]LogModuleManager: Shutting down and abandoning module HTML5PlatformEditor (173)
[2015.10.15-07.10.18:097][507]LogModuleManager: Shutting down and abandoning module AndroidDeviceDetection (172)
[2015.10.15-07.10.18:709][507]LogModuleManager: Shutting down and abandoning module AndroidPlatformEditor (171)
[2015.10.15-07.10.18:709][507]LogModuleManager: Shutting down and abandoning module IOSRuntimeSettings (170)
[2015.10.15-07.10.18:709][507]LogModuleManager: Shutting down and abandoning module AndroidRuntimeSettings (169)
[2015.10.15-07.10.18:710][507]LogModuleManager: Shutting down and abandoning module MergeActors (168)
[2015.10.15-07.10.18:710][507]LogModuleManager: Shutting down and abandoning module SizeMap (167)
[2015.10.15-07.10.18:710][507]LogModuleManager: Shutting down and abandoning module TreeMap (166)
[2015.10.15-07.10.18:710][507]LogModuleManager: Shutting down and abandoning module ReferenceViewer (165)
[2015.10.15-07.10.18:710][507]LogModuleManager: Shutting down and abandoning module LocalizationService (164)
[2015.10.15-07.10.18:710][507]LogModuleManager: Shutting down and abandoning module LocalizationDashboard (163)
[2015.10.15-07.10.18:710][507]LogModuleManager: Shutting down and abandoning module HardwareTargeting (162)
[2015.10.15-07.10.18:710][507]LogModuleManager: Shutting down and abandoning module DeviceProfileEditor (161)
[2015.10.15-07.10.18:710][507]LogModuleManager: Shutting down and abandoning module UndoHistory (160)
[2015.10.15-07.10.18:711][507]LogModuleManager: Shutting down and abandoning module GameplayTagsEditor (159)
[2015.10.15-07.10.18:711][507]LogModuleManager: Shutting down and abandoning module UserFeedback (158)
[2015.10.15-07.10.18:711][507]LogModuleManager: Shutting down and abandoning module XmlParser (157)
[2015.10.15-07.10.18:728][507]LogModuleManager: Shutting down and abandoning module Blutility (156)
[2015.10.15-07.10.18:728][507]LogModuleManager: Shutting down and abandoning module ProjectTargetPlatformEditor (155)
[2015.10.15-07.10.18:728][507]LogModuleManager: Shutting down and abandoning module ProjectSettingsViewer (154)
[2015.10.15-07.10.18:728][507]LogModuleManager: Shutting down and abandoning module InputBindingEditor (153)
[2015.10.15-07.10.18:728][507]LogModuleManager: Shutting down and abandoning module EditorSettingsViewer (152)
[2015.10.15-07.10.18:728][507]LogModuleManager: Shutting down and abandoning module SettingsEditor (151)
[2015.10.15-07.10.18:728][507]LogModuleManager: Shutting down and abandoning module ProjectLauncher (150)
[2015.10.15-07.10.18:752][507]LogModuleManager: Shutting down and abandoning module SessionFrontend (149)
[2015.10.15-07.10.18:752][507]LogModuleManager: Shutting down and abandoning module ProfilerClient (148)
[2015.10.15-07.10.18:794][507]LogModuleManager: Shutting down and abandoning module TargetDeviceServices (147)
[2015.10.15-07.10.18:795][507]LogModuleManager: Shutting down and abandoning module DeviceManager (146)
[2015.10.15-07.10.18:869][507]LogModuleManager: Shutting down and abandoning module AutomationController (145)
[2015.10.15-07.10.18:869][507]LogModuleManager: Shutting down and abandoning module AutomationWindow (144)
[2015.10.15-07.10.18:870][507]LogModuleManager: Shutting down and abandoning module Layers (143)
[2015.10.15-07.10.18:947][507]LogModuleManager: Shutting down and abandoning module ComponentVisualizers (142)
[2015.10.15-07.10.19:042][507]LogModuleManager: Shutting down and abandoning module DetailCustomizations (141)
[2015.10.15-07.10.19:042][507]LogModuleManager: Shutting down and abandoning module PackagesDialog (140)
[2015.10.15-07.10.19:042][507]LogModuleManager: Shutting down and abandoning module Persona (139)
[2015.10.15-07.10.19:099][507]LogModuleManager: Shutting down and abandoning module Kismet (138)
[2015.10.15-07.10.19:126][507]LogModuleManager: Shutting down and abandoning module GraphEditor (137)
[2015.10.15-07.10.19:155][507]LogModuleManager: Shutting down and abandoning module ClassViewer (136)
[2015.10.15-07.10.19:167][507]LogModuleManager: Shutting down and abandoning module Toolbox (135)
[2015.10.15-07.10.19:167][507]LogModuleManager: Shutting down and abandoning module ModuleUI (134)
[2015.10.15-07.10.19:180][507]LogModuleManager: Shutting down and abandoning module MovieSceneTools (133)
[2015.10.15-07.10.19:180][507]LogModuleManager: Shutting down and abandoning module OutputLog (132)
[2015.10.15-07.10.19:180][507]LogModuleManager: Shutting down and abandoning module GammaUI (131)
[2015.10.15-07.10.19:222][507]LogModuleManager: Shutting down and abandoning module Documentation (130)
[2015.10.15-07.10.19:222][507]LogModuleManager: Shutting down and abandoning module GameLiveStreaming (129)
[2015.10.15-07.10.19:246][507]LogModuleManager: Shutting down and abandoning module StreamingPauseRendering (128)
[2015.10.15-07.10.19:282][507]LogModuleManager: Shutting down and abandoning module AnalyticsET (127)
[2015.10.15-07.10.19:282][507]LogModuleManager: Shutting down and abandoning module Analytics (126)
[2015.10.15-07.10.19:282][507]LogModuleManager: Shutting down and abandoning module AITestSuite (125)
[2015.10.15-07.10.19:282][507]LogModuleManager: Shutting down and abandoning module GameplayDebugger (124)
[2015.10.15-07.10.19:282][507]LogModuleManager: Shutting down and abandoning module AIModule (123)
[2015.10.15-07.10.19:282][507]LogModuleManager: Shutting down and abandoning module ProfilerService (122)
[2015.10.15-07.10.19:294][507]LogModuleManager: Shutting down and abandoning module TaskGraph (121)
[2015.10.15-07.10.19:312][507]LogModuleManager: Shutting down and abandoning module SlateRemote (120)
[2015.10.15-07.10.19:312][507]LogModuleManager: Shutting down and abandoning module SteamVRController (119)
[2015.10.15-07.10.19:312][507]LogModuleManager: Shutting down and abandoning module SteamVR (118)
[2015.10.15-07.10.19:312][507]LogModuleManager: Shutting down and abandoning module ProceduralMeshComponent (117)
[2015.10.15-07.10.19:312][507]LogModuleManager: Shutting down and abandoning module OculusRift (116)
[2015.10.15-07.10.19:312][507]LogModuleManager: Shutting down and abandoning module OculusLibrary (115)
[2015.10.15-07.10.19:312][507]LogModuleManager: Shutting down and abandoning module LeapMotionController (114)
[2015.10.15-07.10.19:379][507]LogModuleManager: Shutting down and abandoning module CustomMeshComponent (113)
[2015.10.15-07.10.19:379][507]LogModuleManager: Shutting down and abandoning module CableComponent (112)
[2015.10.15-07.10.19:379][507]LogModuleManager: Shutting down and abandoning module ArchVisCharacter (111)
[2015.10.15-07.10.19:379][507]LogModuleManager: Shutting down and abandoning module MessagingDebugger (110)
[2015.10.15-07.10.19:448][507]LogModuleManager: Shutting down and abandoning module MediaPlayerEditor (109)
[2015.10.15-07.10.19:464][507]LogModuleManager: Shutting down and abandoning module HTML5Networking (108)
[2015.10.15-07.10.19:464][507]LogModuleManager: Shutting down and abandoning module SpeedTreeImporter (107)
[2015.10.15-07.10.19:464][507]LogModuleManager: Shutting down and abandoning module PluginBrowser (106)
[2015.10.15-07.10.19:464][507]LogModuleManager: Shutting down and abandoning module EpicSurvey (105)
[2015.10.15-07.10.19:464][507]LogModuleManager: Shutting down and abandoning module DesktopPlatform (104)
[2015.10.15-07.10.19:464][507]LogModuleManager: Shutting down and abandoning module VisualStudioSourceCodeAccess (103)
[2015.10.15-07.10.19:464][507]LogModuleManager: Shutting down and abandoning module UObjectPlugin (102)
[2015.10.15-07.10.19:464][507]LogModuleManager: Shutting down and abandoning module SubversionSourceControl (101)
[2015.10.15-07.10.19:479][507]LogModuleManager: Shutting down and abandoning module PerforceSourceControl (100)
[2015.10.15-07.10.19:493][507]LogModuleManager: Shutting down and abandoning module SourceControl (99)
[2015.10.15-07.10.19:493][507]LogModuleManager: Shutting down and abandoning module GitSourceControl (98)
[2015.10.15-07.10.19:508][507]LogModuleManager: Shutting down and abandoning module LightPropagationVolumeEditor (97)
[2015.10.15-07.10.19:508][507]LogModuleManager: Shutting down and abandoning module PaperTiledImporter (96)
[2015.10.15-07.10.19:508][507]LogModuleManager: Shutting down and abandoning module PaperSpriteSheetImporter (95)
[2015.10.15-07.10.19:508][507]LogModuleManager: Shutting down and abandoning module MeshPaint (94)
[2015.10.15-07.10.19:519][507]LogModuleManager: Shutting down and abandoning module SlateReflector (93)
[2015.10.15-07.10.19:531][507]LogModuleManager: Shutting down and abandoning module HotReload (92)
[2015.10.15-07.10.19:532][507]LogModuleManager: Shutting down and abandoning module MainFrame (91)
[2015.10.15-07.10.19:532][507]LogModuleManager: Shutting down and abandoning module LevelEditor (90)
[2015.10.15-07.10.19:535][507]LogModuleManager: Shutting down and abandoning module DirectoryWatcher (89)
[2015.10.15-07.10.19:537][507]LogModuleManager: Shutting down and abandoning module AssetRegistry (88)
[2015.10.15-07.10.19:634][507]LogModuleManager: Shutting down and abandoning module ContentBrowser (87)
[2015.10.15-07.10.19:636][507]LogModuleManager: Shutting down and abandoning module Paper2DEditor (86)
[2015.10.15-07.10.19:652][507]LogModuleManager: Shutting down and abandoning module UdpMessaging (85)
[2015.10.15-07.10.19:754][507]LogModuleManager: Shutting down and abandoning module LightPropagationVolumeRuntime (84)
[2015.10.15-07.10.19:754][507]LogModuleManager: Shutting down and abandoning module Paper2D (83)
[2015.10.15-07.10.19:754][507]LogModuleManager: Shutting down and abandoning module WindowsMoviePlayer (82)
[2015.10.15-07.10.19:761][507]LogModuleManager: Shutting down and abandoning module Media (81)
[2015.10.15-07.10.19:761][507]LogModuleManager: Shutting down and abandoning module WmfMedia (80)
[2015.10.15-07.10.19:761][507]LogModuleManager: Shutting down and abandoning module OnlineBlueprintSupport (79)
[2015.10.15-07.10.19:761][507]LogModuleManager: Shutting down and abandoning module GameplayTasksEditor (78)
[2015.10.15-07.10.19:761][507]LogModuleManager: Shutting down and abandoning module PropertyEditor (77)
[2015.10.15-07.10.19:761][507]LogModuleManager: Shutting down and abandoning module BehaviorTreeEditor (76)
[2015.10.15-07.10.19:783][507]LogModuleManager: Shutting down and abandoning module FunctionalTesting (75)
[2015.10.15-07.10.19:783][507]LogModuleManager: Shutting down and abandoning module CollisionAnalyzer (74)
[2015.10.15-07.10.19:798][507]LogModuleManager: Shutting down and abandoning module WorkspaceMenuStructure (73)
[2015.10.15-07.10.19:798][507]LogModuleManager: Shutting down and abandoning module MessageLog (72)
[2015.10.15-07.10.19:798][507]LogModuleManager: Shutting down and abandoning module Sequencer (71)
[2015.10.15-07.10.19:889][507]LogModuleManager: Shutting down and abandoning module AssetTools (70)
[2015.10.15-07.10.20:025][507]LogModuleManager: Shutting down and abandoning module UMGEditor (69)
[2015.10.15-07.10.20:116][507]LogModuleManager: Shutting down and abandoning module UMG (68)
[2015.10.15-07.10.20:129][507]LogModuleManager: Shutting down and abandoning module Slate (67)
[2015.10.15-07.10.20:129][507]LogModuleManager: Shutting down and abandoning module EditorStyle (66)
[2015.10.15-07.10.20:135][507]LogModuleManager: Shutting down and abandoning module SessionServices (65)
[2015.10.15-07.10.20:136][507]LogModuleManager: Shutting down and abandoning module SourceCodeAccess (64)
[2015.10.15-07.10.20:136][507]LogModuleManager: Shutting down and abandoning module HeadMountedDisplay (63)
[2015.10.15-07.10.20:136][507]LogModuleManager: Shutting down and abandoning module XAudio2 (62)
[2015.10.15-07.10.20:136][507]LogModuleManager: Shutting down and abandoning module Networking (60)
[2015.10.15-07.10.20:136][507]LogModuleManager: Shutting down and abandoning module Core (59)
[2015.10.15-07.10.20:136][507]LogModuleManager: Shutting down and abandoning module KismetCompiler (58)
[2015.10.15-07.10.20:136][507]LogModuleManager: Shutting down and abandoning module PhysXFormats (57)
[2015.10.15-07.10.20:136][507]LogModuleManager: Shutting down and abandoning module MeshUtilities (56)
[2015.10.15-07.10.20:136][507]LogModuleManager: Shutting down and abandoning module CookingStats (55)
[2015.10.15-07.10.20:137][507]LogModuleManager: Shutting down and abandoning module DerivedDataCache (54)
[2015.10.15-07.10.20:142][507]LogDerivedDataCache: Shutdown
[2015.10.15-07.10.20:142][507]LogModuleManager: Shutting down and abandoning module ShaderFormatOpenGL (53)
[2015.10.15-07.10.20:142][507]LogModuleManager: Shutting down and abandoning module ShaderFormatD3D (52)
[2015.10.15-07.10.20:142][507]LogModuleManager: Shutting down and abandoning module MetalShaderFormat (51)
[2015.10.15-07.10.20:142][507]LogModuleManager: Shutting down and abandoning module TextureFormatUncompressed (50)
[2015.10.15-07.10.20:142][507]LogModuleManager: Shutting down and abandoning module TextureFormatPVR (49)
[2015.10.15-07.10.20:142][507]LogModuleManager: Shutting down and abandoning module TextureFormatIntelISPCTexComp (48)
[2015.10.15-07.10.20:177][507]LogModuleManager: Shutting down and abandoning module TextureFormatDXT (47)
[2015.10.15-07.10.20:177][507]LogModuleManager: Shutting down and abandoning module ImageWrapper (46)
[2015.10.15-07.10.20:178][507]LogModuleManager: Shutting down and abandoning module TextureFormatASTC (45)
[2015.10.15-07.10.20:178][507]LogModuleManager: Shutting down and abandoning module TextureFormatAndroid (44)
[2015.10.15-07.10.20:178][507]LogModuleManager: Shutting down and abandoning module AudioFormatOpus (43)
[2015.10.15-07.10.20:178][507]LogModuleManager: Shutting down and abandoning module AudioFormatOgg (42)
[2015.10.15-07.10.20:178][507]LogModuleManager: Shutting down and abandoning module AudioFormatADPCM (41)
[2015.10.15-07.10.20:213][507]LogModuleManager: Shutting down and abandoning module LinuxTargetPlatform (40)
[2015.10.15-07.10.20:213][507]LogModuleManager: Shutting down and abandoning module LinuxServerTargetPlatform (39)
[2015.10.15-07.10.20:213][507]LogModuleManager: Shutting down and abandoning module LinuxNoEditorTargetPlatform (38)
[2015.10.15-07.10.20:213][507]LogModuleManager: Shutting down and abandoning module Messaging (37)
[2015.10.15-07.10.20:213][507]LogModuleManager: Shutting down and abandoning module IOSTargetPlatform (36)
[2015.10.15-07.10.20:213][507]LogModuleManager: Shutting down and abandoning module HTML5TargetPlatform (35)
[2015.10.15-07.10.20:213][507]LogModuleManager: Shutting down and abandoning module Android_PVRTCTargetPlatform (34)
[2015.10.15-07.10.20:237][507]LogModuleManager: Shutting down and abandoning module Android_ETC2TargetPlatform (33)
[2015.10.15-07.10.20:237][507]LogModuleManager: Shutting down and abandoning module Android_ETC1TargetPlatform (32)
[2015.10.15-07.10.20:237][507]LogModuleManager: Shutting down and abandoning module Android_DXTTargetPlatform (31)
[2015.10.15-07.10.20:237][507]LogModuleManager: Shutting down and abandoning module Android_ATCTargetPlatform (30)
[2015.10.15-07.10.20:267][507]LogModuleManager: Shutting down and abandoning module Android_ASTCTargetPlatform (29)
[2015.10.15-07.10.20:286][507]LogModuleManager: Shutting down and abandoning module AndroidTargetPlatform (28)
[2015.10.15-07.10.20:286][507]LogModuleManager: Shutting down and abandoning module WindowsTargetPlatform (27)
[2015.10.15-07.10.20:286][507]LogModuleManager: Shutting down and abandoning module WindowsServerTargetPlatform (26)
[2015.10.15-07.10.20:286][507]LogModuleManager: Shutting down and abandoning module WindowsNoEditorTargetPlatform (25)
[2015.10.15-07.10.20:286][507]LogModuleManager: Shutting down and abandoning module WindowsClientTargetPlatform (24)
[2015.10.15-07.10.20:286][507]LogModuleManager: Shutting down and abandoning module AllDesktopTargetPlatform (23)
[2015.10.15-07.10.20:308][507]LogModuleManager: Shutting down and abandoning module TargetPlatform (22)
[2015.10.15-07.10.20:308][507]LogModuleManager: Shutting down and abandoning module InputCore (21)
[2015.10.15-07.10.20:308][507]LogModuleManager: Shutting down and abandoning module Settings (20)
[2015.10.15-07.10.20:327][507]LogModuleManager: Shutting down and abandoning module OnlineSubsystem (18)
[2015.10.15-07.10.20:327][507]LogModuleManager: Shutting down and abandoning module HTTP (17)
[2015.10.15-07.10.22:332][507]LogModuleManager: Shutting down and abandoning module XMPP (16)
[2015.10.15-07.10.22:360][507]LogModuleManager: Shutting down and abandoning module ExampleDeviceProfileSelector (15)
[2015.10.15-07.10.22:361][507]LogModuleManager: Shutting down and abandoning module TextureCompressor (14)
[2015.10.15-07.10.22:391][507]LogModuleManager: Shutting down and abandoning module ShaderCore (13)
[2015.10.15-07.10.22:391][507]LogModuleManager: Shutting down and abandoning module Landscape (12)
[2015.10.15-07.10.22:391][507]LogModuleManager: Shutting down and abandoning module SlateRHIRenderer (11)
[2015.10.15-07.10.22:401][507]LogModuleManager: Shutting down and abandoning module OpenGLDrv (10)
[2015.10.15-07.10.22:440][507]LogModuleManager: Shutting down and abandoning module D3D11RHI (9)
[2015.10.15-07.10.22:440][507]LogModuleManager: Shutting down and abandoning module AnimGraphRuntime (8)
[2015.10.15-07.10.22:479][507]LogModuleManager: Shutting down and abandoning module Renderer (7)
[2015.10.15-07.10.22:479][507]LogModuleManager: Shutting down and abandoning module Engine (6)
[2015.10.15-07.10.22:479][507]LogModuleManager: Shutting down and abandoning module CoreUObject (5)
[2015.10.15-07.10.22:479][507]LogModuleManager: Shutting down and abandoning module NetworkFile (4)
[2015.10.15-07.10.22:479][507]LogModuleManager: Shutting down and abandoning module StreamingFile (3)
[2015.10.15-07.10.22:479][507]LogModuleManager: Shutting down and abandoning module SandboxFile (2)
[2015.10.15-07.10.22:479][507]LogModuleManager: Shutting down and abandoning module PakFile (1)
[2015.10.15-07.10.22:747][507]LogExit: Exiting.
[2015.10.15-07.10.22:750][507]Log file closed, 10/15/15 00:10:22
